<?xml version="1.0" encoding="UTF-8"?>
<testng-results skipped="0" failed="0" ignored="0" total="2" passed="2">
  <reporter-output>
  </reporter-output>
  <suite name="Suite" duration-ms="12350" started-at="2021-11-28T21:57:41 IST" finished-at="2021-11-28T21:57:53 IST">
    <groups>
    </groups>
    <test name="Test" duration-ms="12350" started-at="2021-11-28T21:57:41 IST" finished-at="2021-11-28T21:57:53 IST">
      <class name="mytests.HomePageTest">
        <test-method status="PASS" signature="setUp()[pri:0, instance:mytests.HomePageTest@731a74c]" name="setUp" is-config="true" duration-ms="10743" started-at="2021-11-28T21:57:41 IST" finished-at="2021-11-28T21:57:51 IST">
          <reporter-output>
          </reporter-output>
        </test-method> <!-- setUp -->
        <test-method status="PASS" signature="headerTest()[pri:1, instance:mytests.HomePageTest@731a74c]" name="headerTest" duration-ms="216" started-at="2021-11-28T21:57:51 IST" finished-at="2021-11-28T21:57:52 IST">
          <reporter-output>
          </reporter-output>
        </test-method> <!-- headerTest -->
        <test-method status="PASS" signature="contactTest()[pri:2, instance:mytests.HomePageTest@731a74c]" name="contactTest" duration-ms="147" started-at="2021-11-28T21:57:52 IST" finished-at="2021-11-28T21:57:52 IST">
          <reporter-output>
          </reporter-output>
        </test-method> <!-- contactTest -->
        <test-method status="PASS" signature="tearDown()[pri:0, instance:mytests.HomePageTest@731a74c]" name="tearDown" is-config="true" duration-ms="1182" started-at="2021-11-28T21:57:52 IST" finished-at="2021-11-28T21:57:53 IST">
          <reporter-output>
          </reporter-output>
        </test-method> <!-- tearDown -->
      </class> <!-- mytests.HomePageTest -->
    </test> <!-- Test -->
  </suite> <!-- Suite -->
</testng-results>
